mode: set
github.com/josiah-hester/go-hubspot-sdk/crm/v3/lists/client.go:17.50,21.2 1 1
github.com/josiah-hester/go-hubspot-sdk/crm/v3/lists/client.go:23.104,29.27 4 1
github.com/josiah-hester/go-hubspot-sdk/crm/v3/lists/client.go:29.27,31.3 1 1
github.com/josiah-hester/go-hubspot-sdk/crm/v3/lists/client.go:33.2,34.16 2 1
github.com/josiah-hester/go-hubspot-sdk/crm/v3/lists/client.go:34.16,36.3 1 1
github.com/josiah-hester/go-hubspot-sdk/crm/v3/lists/client.go:38.2,39.57 2 1
github.com/josiah-hester/go-hubspot-sdk/crm/v3/lists/client.go:39.57,41.3 1 1
github.com/josiah-hester/go-hubspot-sdk/crm/v3/lists/client.go:43.2,43.24 1 1
github.com/josiah-hester/go-hubspot-sdk/crm/v3/lists/client.go:46.122,52.27 4 1
github.com/josiah-hester/go-hubspot-sdk/crm/v3/lists/client.go:52.27,54.3 1 0
github.com/josiah-hester/go-hubspot-sdk/crm/v3/lists/client.go:56.2,57.16 2 1
github.com/josiah-hester/go-hubspot-sdk/crm/v3/lists/client.go:57.16,59.3 1 0
github.com/josiah-hester/go-hubspot-sdk/crm/v3/lists/client.go:61.2,62.57 2 1
github.com/josiah-hester/go-hubspot-sdk/crm/v3/lists/client.go:62.57,64.3 1 1
github.com/josiah-hester/go-hubspot-sdk/crm/v3/lists/client.go:66.2,66.24 1 1
github.com/josiah-hester/go-hubspot-sdk/crm/v3/lists/client.go:69.91,76.16 6 1
github.com/josiah-hester/go-hubspot-sdk/crm/v3/lists/client.go:76.16,78.3 1 1
github.com/josiah-hester/go-hubspot-sdk/crm/v3/lists/client.go:80.2,81.61 2 1
github.com/josiah-hester/go-hubspot-sdk/crm/v3/lists/client.go:81.61,83.3 1 1
github.com/josiah-hester/go-hubspot-sdk/crm/v3/lists/client.go:85.2,85.28 1 1
github.com/josiah-hester/go-hubspot-sdk/crm/v3/lists/client.go:88.110,94.29 4 1
github.com/josiah-hester/go-hubspot-sdk/crm/v3/lists/client.go:94.29,96.3 1 1
github.com/josiah-hester/go-hubspot-sdk/crm/v3/lists/client.go:99.2,99.27 1 1
github.com/josiah-hester/go-hubspot-sdk/crm/v3/lists/client.go:99.27,101.3 1 0
github.com/josiah-hester/go-hubspot-sdk/crm/v3/lists/client.go:103.2,104.16 2 1
github.com/josiah-hester/go-hubspot-sdk/crm/v3/lists/client.go:104.16,106.3 1 0
github.com/josiah-hester/go-hubspot-sdk/crm/v3/lists/client.go:108.2,109.62 2 1
github.com/josiah-hester/go-hubspot-sdk/crm/v3/lists/client.go:109.62,111.3 1 1
github.com/josiah-hester/go-hubspot-sdk/crm/v3/lists/client.go:113.2,113.29 1 1
github.com/josiah-hester/go-hubspot-sdk/crm/v3/lists/client.go:116.106,123.16 6 1
github.com/josiah-hester/go-hubspot-sdk/crm/v3/lists/client.go:123.16,125.3 1 0
github.com/josiah-hester/go-hubspot-sdk/crm/v3/lists/client.go:127.2,128.63 2 1
github.com/josiah-hester/go-hubspot-sdk/crm/v3/lists/client.go:128.63,130.3 1 1
github.com/josiah-hester/go-hubspot-sdk/crm/v3/lists/client.go:132.2,132.25 1 1
github.com/josiah-hester/go-hubspot-sdk/crm/v3/lists/client.go:135.115,141.20 5 1
github.com/josiah-hester/go-hubspot-sdk/crm/v3/lists/client.go:141.20,143.3 1 1
github.com/josiah-hester/go-hubspot-sdk/crm/v3/lists/client.go:145.2,146.16 2 1
github.com/josiah-hester/go-hubspot-sdk/crm/v3/lists/client.go:146.16,148.3 1 0
github.com/josiah-hester/go-hubspot-sdk/crm/v3/lists/client.go:150.2,151.61 2 1
github.com/josiah-hester/go-hubspot-sdk/crm/v3/lists/client.go:151.61,153.3 1 1
github.com/josiah-hester/go-hubspot-sdk/crm/v3/lists/client.go:155.2,155.28 1 1
github.com/josiah-hester/go-hubspot-sdk/crm/v3/lists/client.go:158.135,166.20 5 1
github.com/josiah-hester/go-hubspot-sdk/crm/v3/lists/client.go:166.20,168.3 1 0
github.com/josiah-hester/go-hubspot-sdk/crm/v3/lists/client.go:169.2,172.16 3 1
github.com/josiah-hester/go-hubspot-sdk/crm/v3/lists/client.go:172.16,174.3 1 0
github.com/josiah-hester/go-hubspot-sdk/crm/v3/lists/client.go:176.2,177.61 2 1
github.com/josiah-hester/go-hubspot-sdk/crm/v3/lists/client.go:177.61,179.3 1 1
github.com/josiah-hester/go-hubspot-sdk/crm/v3/lists/client.go:181.2,181.28 1 1
github.com/josiah-hester/go-hubspot-sdk/crm/v3/lists/client.go:184.71,190.16 5 1
github.com/josiah-hester/go-hubspot-sdk/crm/v3/lists/client.go:190.16,192.3 1 1
github.com/josiah-hester/go-hubspot-sdk/crm/v3/lists/client.go:194.2,194.12 1 1
github.com/josiah-hester/go-hubspot-sdk/crm/v3/lists/client.go:197.72,203.16 5 1
github.com/josiah-hester/go-hubspot-sdk/crm/v3/lists/client.go:203.16,205.3 1 0
github.com/josiah-hester/go-hubspot-sdk/crm/v3/lists/client.go:207.2,207.12 1 1
github.com/josiah-hester/go-hubspot-sdk/crm/v3/lists/client.go:210.127,216.16 5 1
github.com/josiah-hester/go-hubspot-sdk/crm/v3/lists/client.go:216.16,218.3 1 0
github.com/josiah-hester/go-hubspot-sdk/crm/v3/lists/client.go:220.2,221.64 2 1
github.com/josiah-hester/go-hubspot-sdk/crm/v3/lists/client.go:221.64,223.3 1 1
github.com/josiah-hester/go-hubspot-sdk/crm/v3/lists/client.go:225.2,225.26 1 1
github.com/josiah-hester/go-hubspot-sdk/crm/v3/lists/client.go:228.141,235.16 6 1
github.com/josiah-hester/go-hubspot-sdk/crm/v3/lists/client.go:235.16,237.3 1 0
github.com/josiah-hester/go-hubspot-sdk/crm/v3/lists/client.go:239.2,240.62 2 1
github.com/josiah-hester/go-hubspot-sdk/crm/v3/lists/client.go:240.62,242.3 1 1
github.com/josiah-hester/go-hubspot-sdk/crm/v3/lists/client.go:244.2,244.24 1 1
github.com/josiah-hester/go-hubspot-sdk/crm/v3/lists/client.go:247.126,254.16 6 1
github.com/josiah-hester/go-hubspot-sdk/crm/v3/lists/client.go:254.16,256.3 1 0
github.com/josiah-hester/go-hubspot-sdk/crm/v3/lists/client.go:258.2,259.63 2 1
github.com/josiah-hester/go-hubspot-sdk/crm/v3/lists/client.go:259.63,261.3 1 1
github.com/josiah-hester/go-hubspot-sdk/crm/v3/lists/client.go:263.2,263.25 1 1
github.com/josiah-hester/go-hubspot-sdk/crm/v3/lists/client.go:266.121,272.16 5 1
github.com/josiah-hester/go-hubspot-sdk/crm/v3/lists/client.go:272.16,274.3 1 0
github.com/josiah-hester/go-hubspot-sdk/crm/v3/lists/client.go:276.2,277.63 2 1
github.com/josiah-hester/go-hubspot-sdk/crm/v3/lists/client.go:277.63,279.3 1 1
github.com/josiah-hester/go-hubspot-sdk/crm/v3/lists/client.go:281.2,281.25 1 1
github.com/josiah-hester/go-hubspot-sdk/crm/v3/lists/client.go:284.138,290.27 4 1
github.com/josiah-hester/go-hubspot-sdk/crm/v3/lists/client.go:290.27,292.3 1 1
github.com/josiah-hester/go-hubspot-sdk/crm/v3/lists/client.go:294.2,295.16 2 1
github.com/josiah-hester/go-hubspot-sdk/crm/v3/lists/client.go:295.16,297.3 1 0
github.com/josiah-hester/go-hubspot-sdk/crm/v3/lists/client.go:299.2,300.64 2 1
github.com/josiah-hester/go-hubspot-sdk/crm/v3/lists/client.go:300.64,302.3 1 1
github.com/josiah-hester/go-hubspot-sdk/crm/v3/lists/client.go:304.2,304.26 1 1
github.com/josiah-hester/go-hubspot-sdk/crm/v3/lists/client.go:307.77,313.16 5 1
github.com/josiah-hester/go-hubspot-sdk/crm/v3/lists/client.go:313.16,315.3 1 0
github.com/josiah-hester/go-hubspot-sdk/crm/v3/lists/client.go:317.2,317.12 1 1
github.com/josiah-hester/go-hubspot-sdk/crm/v3/lists/client.go:320.131,327.16 6 1
github.com/josiah-hester/go-hubspot-sdk/crm/v3/lists/client.go:327.16,329.3 1 0
github.com/josiah-hester/go-hubspot-sdk/crm/v3/lists/client.go:331.2,332.63 2 1
github.com/josiah-hester/go-hubspot-sdk/crm/v3/lists/client.go:332.63,334.3 1 1
github.com/josiah-hester/go-hubspot-sdk/crm/v3/lists/client.go:336.2,336.25 1 1
github.com/josiah-hester/go-hubspot-sdk/crm/v3/lists/client.go:339.152,346.16 6 1
github.com/josiah-hester/go-hubspot-sdk/crm/v3/lists/client.go:346.16,348.3 1 0
github.com/josiah-hester/go-hubspot-sdk/crm/v3/lists/client.go:350.2,351.67 2 1
github.com/josiah-hester/go-hubspot-sdk/crm/v3/lists/client.go:351.67,353.3 1 1
github.com/josiah-hester/go-hubspot-sdk/crm/v3/lists/client.go:355.2,355.29 1 1
github.com/josiah-hester/go-hubspot-sdk/crm/v3/lists/client.go:358.113,364.16 5 1
github.com/josiah-hester/go-hubspot-sdk/crm/v3/lists/client.go:364.16,366.3 1 0
github.com/josiah-hester/go-hubspot-sdk/crm/v3/lists/client.go:368.2,369.67 2 1
github.com/josiah-hester/go-hubspot-sdk/crm/v3/lists/client.go:369.67,371.3 1 1
github.com/josiah-hester/go-hubspot-sdk/crm/v3/lists/client.go:373.2,373.29 1 1
github.com/josiah-hester/go-hubspot-sdk/crm/v3/lists/client.go:376.85,382.16 5 1
github.com/josiah-hester/go-hubspot-sdk/crm/v3/lists/client.go:382.16,384.3 1 0
github.com/josiah-hester/go-hubspot-sdk/crm/v3/lists/client.go:386.2,386.12 1 1
github.com/josiah-hester/go-hubspot-sdk/crm/v3/lists/errors.go:15.44,17.2 1 1
github.com/josiah-hester/go-hubspot-sdk/crm/v3/lists/errors.go:26.46,28.2 1 1
github.com/josiah-hester/go-hubspot-sdk/crm/v3/lists/errors.go:36.49,38.2 1 1
github.com/josiah-hester/go-hubspot-sdk/crm/v3/lists/errors.go:47.46,49.2 1 1
github.com/josiah-hester/go-hubspot-sdk/crm/v3/lists/errors.go:52.53,53.54 1 1
github.com/josiah-hester/go-hubspot-sdk/crm/v3/lists/errors.go:53.54,54.28 1 1
github.com/josiah-hester/go-hubspot-sdk/crm/v3/lists/errors.go:55.12,59.5 1 1
github.com/josiah-hester/go-hubspot-sdk/crm/v3/lists/errors.go:60.12,61.49 1 1
github.com/josiah-hester/go-hubspot-sdk/crm/v3/lists/errors.go:61.49,66.5 1 1
github.com/josiah-hester/go-hubspot-sdk/crm/v3/lists/errors.go:67.12,70.5 1 1
github.com/josiah-hester/go-hubspot-sdk/crm/v3/lists/errors.go:73.2,73.12 1 1
github.com/josiah-hester/go-hubspot-sdk/crm/v3/lists/errors.go:77.65,78.54 1 1
github.com/josiah-hester/go-hubspot-sdk/crm/v3/lists/errors.go:78.54,79.31 1 1
github.com/josiah-hester/go-hubspot-sdk/crm/v3/lists/errors.go:79.31,85.4 1 1
github.com/josiah-hester/go-hubspot-sdk/crm/v3/lists/errors.go:87.2,87.36 1 1
github.com/josiah-hester/go-hubspot-sdk/crm/v3/lists/options.go:13.60,14.35 1 1
github.com/josiah-hester/go-hubspot-sdk/crm/v3/lists/options.go:14.35,15.21 1 1
github.com/josiah-hester/go-hubspot-sdk/crm/v3/lists/options.go:15.21,17.4 1 1
github.com/josiah-hester/go-hubspot-sdk/crm/v3/lists/options.go:25.60,26.35 1 1
github.com/josiah-hester/go-hubspot-sdk/crm/v3/lists/options.go:26.35,28.3 1 1
github.com/josiah-hester/go-hubspot-sdk/crm/v3/lists/options.go:32.65,33.35 1 1
github.com/josiah-hester/go-hubspot-sdk/crm/v3/lists/options.go:33.35,35.3 1 1
