mode: set
github.com/josiah-hester/go-hubspot-sdk/crm/v3/contacts/client.go:17.50,21.2 1 1
github.com/josiah-hester/go-hubspot-sdk/crm/v3/contacts/client.go:23.112,29.27 4 1
github.com/josiah-hester/go-hubspot-sdk/crm/v3/contacts/client.go:29.27,31.3 1 1
github.com/josiah-hester/go-hubspot-sdk/crm/v3/contacts/client.go:33.2,34.16 2 1
github.com/josiah-hester/go-hubspot-sdk/crm/v3/contacts/client.go:34.16,36.3 1 1
github.com/josiah-hester/go-hubspot-sdk/crm/v3/contacts/client.go:38.2,39.60 2 1
github.com/josiah-hester/go-hubspot-sdk/crm/v3/contacts/client.go:39.60,41.3 1 1
github.com/josiah-hester/go-hubspot-sdk/crm/v3/contacts/client.go:43.2,47.8 1 1
github.com/josiah-hester/go-hubspot-sdk/crm/v3/contacts/client.go:50.98,57.16 6 1
github.com/josiah-hester/go-hubspot-sdk/crm/v3/contacts/client.go:57.16,59.3 1 1
github.com/josiah-hester/go-hubspot-sdk/crm/v3/contacts/client.go:61.2,62.60 2 1
github.com/josiah-hester/go-hubspot-sdk/crm/v3/contacts/client.go:62.60,64.3 1 0
github.com/josiah-hester/go-hubspot-sdk/crm/v3/contacts/client.go:66.2,70.8 1 1
github.com/josiah-hester/go-hubspot-sdk/crm/v3/contacts/client.go:73.116,80.16 6 1
github.com/josiah-hester/go-hubspot-sdk/crm/v3/contacts/client.go:80.16,82.3 1 1
github.com/josiah-hester/go-hubspot-sdk/crm/v3/contacts/client.go:84.2,85.60 2 1
github.com/josiah-hester/go-hubspot-sdk/crm/v3/contacts/client.go:85.60,87.3 1 0
github.com/josiah-hester/go-hubspot-sdk/crm/v3/contacts/client.go:89.2,93.8 1 1
github.com/josiah-hester/go-hubspot-sdk/crm/v3/contacts/client.go:96.77,102.16 5 1
github.com/josiah-hester/go-hubspot-sdk/crm/v3/contacts/client.go:102.16,104.3 1 1
github.com/josiah-hester/go-hubspot-sdk/crm/v3/contacts/client.go:106.2,106.12 1 1
github.com/josiah-hester/go-hubspot-sdk/crm/v3/contacts/client.go:109.107,115.27 4 1
github.com/josiah-hester/go-hubspot-sdk/crm/v3/contacts/client.go:115.27,117.3 1 1
github.com/josiah-hester/go-hubspot-sdk/crm/v3/contacts/client.go:119.2,120.16 2 1
github.com/josiah-hester/go-hubspot-sdk/crm/v3/contacts/client.go:120.16,122.3 1 0
github.com/josiah-hester/go-hubspot-sdk/crm/v3/contacts/client.go:124.2,134.61 2 1
github.com/josiah-hester/go-hubspot-sdk/crm/v3/contacts/client.go:134.61,136.3 1 1
github.com/josiah-hester/go-hubspot-sdk/crm/v3/contacts/client.go:138.2,138.58 1 1
github.com/josiah-hester/go-hubspot-sdk/crm/v3/contacts/errors.go:15.47,17.2 1 1
github.com/josiah-hester/go-hubspot-sdk/crm/v3/contacts/errors.go:26.49,28.2 1 1
github.com/josiah-hester/go-hubspot-sdk/crm/v3/contacts/errors.go:36.52,38.2 1 1
github.com/josiah-hester/go-hubspot-sdk/crm/v3/contacts/errors.go:41.59,42.54 1 1
github.com/josiah-hester/go-hubspot-sdk/crm/v3/contacts/errors.go:42.54,43.28 1 1
github.com/josiah-hester/go-hubspot-sdk/crm/v3/contacts/errors.go:44.12,48.5 1 1
github.com/josiah-hester/go-hubspot-sdk/crm/v3/contacts/errors.go:49.12,50.49 1 1
github.com/josiah-hester/go-hubspot-sdk/crm/v3/contacts/errors.go:50.49,55.5 1 1
github.com/josiah-hester/go-hubspot-sdk/crm/v3/contacts/errors.go:56.12,59.5 1 1
github.com/josiah-hester/go-hubspot-sdk/crm/v3/contacts/errors.go:62.2,62.12 1 1
github.com/josiah-hester/go-hubspot-sdk/crm/v3/contacts/options.go:14.59,15.35 1 1
github.com/josiah-hester/go-hubspot-sdk/crm/v3/contacts/options.go:15.35,17.3 1 1
github.com/josiah-hester/go-hubspot-sdk/crm/v3/contacts/options.go:21.63,22.35 1 1
github.com/josiah-hester/go-hubspot-sdk/crm/v3/contacts/options.go:22.35,24.3 1 1
github.com/josiah-hester/go-hubspot-sdk/crm/v3/contacts/options.go:28.55,29.35 1 1
github.com/josiah-hester/go-hubspot-sdk/crm/v3/contacts/options.go:29.35,31.3 1 1
github.com/josiah-hester/go-hubspot-sdk/crm/v3/contacts/options.go:35.38,36.35 1 1
github.com/josiah-hester/go-hubspot-sdk/crm/v3/contacts/options.go:36.35,38.3 1 1
github.com/josiah-hester/go-hubspot-sdk/crm/v3/contacts/options.go:45.46,46.35 1 1
github.com/josiah-hester/go-hubspot-sdk/crm/v3/contacts/options.go:46.35,48.3 1 1
github.com/josiah-hester/go-hubspot-sdk/crm/v3/contacts/options.go:52.49,53.35 1 1
github.com/josiah-hester/go-hubspot-sdk/crm/v3/contacts/options.go:53.35,55.3 1 1
